07-Nov-2023 09:58:51.531 INFO [http-nio-8089-exec-4] org.apache.catalina.core.ApplicationContext.log Manager: init: Associated with Deployer 'Catalina:type=Deployer,host=localhost'
07-Nov-2023 09:58:51.531 INFO [http-nio-8089-exec-4] org.apache.catalina.core.ApplicationContext.log Manager: init: Global resources are available
07-Nov-2023 09:58:51.588 INFO [http-nio-8089-exec-7] org.apache.catalina.core.ApplicationContext.log Manager: list: Listing contexts for virtual host 'localhost'
07-Nov-2023 09:58:51.592 INFO [http-nio-8089-exec-8] org.apache.catalina.core.ApplicationContext.log Manager: list: Listing contexts for virtual host 'localhost'
07-Nov-2023 09:58:51.598 INFO [http-nio-8089-exec-9] org.apache.catalina.core.ApplicationContext.log Manager: install: Installing context configuration at 'file:/C:/Users/ET36/AppData/Local/Temp/context16928384548931432463.xml'
07-Nov-2023 09:58:52.012 INFO [http-nio-8089-exec-10] org.apache.catalina.core.ApplicationContext.log Manager: start: Starting web application '/chim3'
07-Nov-2023 09:59:46.751 INFO [http-nio-8089-exec-3] org.apache.catalina.core.ApplicationContext.log Manager: list: Listing contexts for virtual host 'localhost'
07-Nov-2023 09:59:46.781 INFO [http-nio-8089-exec-4] org.apache.catalina.core.ApplicationContext.log Manager: restart: Reloading web application '/chim3'
07-Nov-2023 10:01:41.482 INFO [http-nio-8089-exec-12] org.apache.catalina.core.ApplicationContext.log Manager: list: Listing contexts for virtual host 'localhost'
07-Nov-2023 10:01:45.904 INFO [http-nio-8089-exec-16] org.apache.catalina.core.ApplicationContext.log Manager: list: Listing contexts for virtual host 'localhost'
07-Nov-2023 10:03:26.861 INFO [http-nio-8089-exec-18] org.apache.catalina.core.ApplicationContext.log Manager: list: Listing contexts for virtual host 'localhost'
07-Nov-2023 10:04:37.750 INFO [http-nio-8089-exec-13] org.apache.catalina.core.ApplicationContext.log Manager: list: Listing contexts for virtual host 'localhost'
07-Nov-2023 10:05:03.376 INFO [http-nio-8089-exec-17] org.apache.catalina.core.ApplicationContext.log Manager: list: Listing contexts for virtual host 'localhost'
07-Nov-2023 10:13:17.377 INFO [http-nio-8089-exec-19] org.apache.catalina.core.ApplicationContext.log Manager: list: Listing contexts for virtual host 'localhost'
07-Nov-2023 10:13:17.382 INFO [http-nio-8089-exec-16] org.apache.catalina.core.ApplicationContext.log Manager: restart: Reloading web application '/chim3'
07-Nov-2023 10:13:19.024 INFO [http-nio-8089-exec-12] org.apache.catalina.core.ApplicationContext.log Manager: list: Listing contexts for virtual host 'localhost'
07-Nov-2023 10:13:19.029 INFO [http-nio-8089-exec-21] org.apache.catalina.core.ApplicationContext.log Manager: restart: Reloading web application '/chim3'
07-Nov-2023 10:13:20.105 INFO [http-nio-8089-exec-23] org.apache.catalina.core.ApplicationContext.log Manager: list: Listing contexts for virtual host 'localhost'
07-Nov-2023 10:13:20.107 INFO [http-nio-8089-exec-12] org.apache.catalina.core.ApplicationContext.log Manager: list: Listing contexts for virtual host 'localhost'
07-Nov-2023 10:13:20.130 INFO [http-nio-8089-exec-13] org.apache.catalina.core.ApplicationContext.log Manager: restart: Reloading web application '/chim3'
07-Nov-2023 10:13:52.629 INFO [http-nio-8089-exec-15] org.apache.catalina.core.ApplicationContext.log Manager: list: Listing contexts for virtual host 'localhost'
