13-Nov-2023 07:53:58.069 INFO [http-nio-8089-exec-4] org.apache.catalina.core.ApplicationContext.log Manager: init: Associated with Deployer 'Catalina:type=Deployer,host=localhost'
13-Nov-2023 07:53:58.069 INFO [http-nio-8089-exec-4] org.apache.catalina.core.ApplicationContext.log Manager: init: Global resources are available
13-Nov-2023 07:53:58.125 INFO [http-nio-8089-exec-8] org.apache.catalina.core.ApplicationContext.log Manager: list: Listing contexts for virtual host 'localhost'
13-Nov-2023 07:53:58.129 INFO [http-nio-8089-exec-6] org.apache.catalina.core.ApplicationContext.log Manager: list: Listing contexts for virtual host 'localhost'
13-Nov-2023 07:53:58.133 INFO [http-nio-8089-exec-9] org.apache.catalina.core.ApplicationContext.log Manager: install: Installing context configuration at 'file:/C:/Users/ET36/AppData/Local/Temp/context1100101991412508524.xml'
13-Nov-2023 07:53:58.638 INFO [http-nio-8089-exec-10] org.apache.catalina.core.ApplicationContext.log Manager: start: Starting web application '/chim'
13-Nov-2023 08:00:05.547 INFO [http-nio-8089-exec-8] org.apache.catalina.core.ApplicationContext.log Manager: list: Listing contexts for virtual host 'localhost'
13-Nov-2023 08:00:30.839 INFO [http-nio-8089-exec-8] org.apache.catalina.core.ApplicationContext.log Manager: list: Listing contexts for virtual host 'localhost'
13-Nov-2023 08:00:31.170 INFO [http-nio-8089-exec-7] org.apache.catalina.core.ApplicationContext.log Manager: list: Listing contexts for virtual host 'localhost'
13-Nov-2023 08:00:35.497 INFO [http-nio-8089-exec-8] org.apache.catalina.core.ApplicationContext.log Manager: list: Listing contexts for virtual host 'localhost'
13-Nov-2023 08:04:09.817 INFO [http-nio-8089-exec-1] org.apache.catalina.core.ApplicationContext.log Manager: list: Listing contexts for virtual host 'localhost'
13-Nov-2023 08:04:13.051 INFO [http-nio-8089-exec-6] org.apache.catalina.core.ApplicationContext.log Manager: list: Listing contexts for virtual host 'localhost'
13-Nov-2023 08:05:26.402 INFO [http-nio-8089-exec-9] org.apache.catalina.core.ApplicationContext.log Manager: list: Listing contexts for virtual host 'localhost'
13-Nov-2023 08:05:26.717 INFO [http-nio-8089-exec-3] org.apache.catalina.core.ApplicationContext.log Manager: list: Listing contexts for virtual host 'localhost'
13-Nov-2023 08:06:06.509 INFO [http-nio-8089-exec-9] org.apache.catalina.core.ApplicationContext.log Manager: list: Listing contexts for virtual host 'localhost'
13-Nov-2023 08:07:03.962 INFO [http-nio-8089-exec-2] org.apache.catalina.core.ApplicationContext.log Manager: list: Listing contexts for virtual host 'localhost'
13-Nov-2023 08:07:24.222 INFO [http-nio-8089-exec-8] org.apache.catalina.core.ApplicationContext.log Manager: list: Listing contexts for virtual host 'localhost'
13-Nov-2023 08:08:23.838 INFO [http-nio-8089-exec-10] org.apache.catalina.core.ApplicationContext.log Manager: list: Listing contexts for virtual host 'localhost'
13-Nov-2023 08:08:47.687 INFO [http-nio-8089-exec-2] org.apache.catalina.core.ApplicationContext.log Manager: list: Listing contexts for virtual host 'localhost'
13-Nov-2023 08:09:02.833 INFO [http-nio-8089-exec-4] org.apache.catalina.core.ApplicationContext.log Manager: list: Listing contexts for virtual host 'localhost'
13-Nov-2023 08:09:08.391 INFO [http-nio-8089-exec-8] org.apache.catalina.core.ApplicationContext.log Manager: list: Listing contexts for virtual host 'localhost'
13-Nov-2023 08:09:33.760 INFO [http-nio-8089-exec-7] org.apache.catalina.core.ApplicationContext.log Manager: list: Listing contexts for virtual host 'localhost'
13-Nov-2023 08:09:42.391 INFO [http-nio-8089-exec-2] org.apache.catalina.core.ApplicationContext.log Manager: list: Listing contexts for virtual host 'localhost'
13-Nov-2023 08:09:55.768 INFO [http-nio-8089-exec-9] org.apache.catalina.core.ApplicationContext.log Manager: list: Listing contexts for virtual host 'localhost'
13-Nov-2023 08:10:12.015 INFO [http-nio-8089-exec-8] org.apache.catalina.core.ApplicationContext.log Manager: list: Listing contexts for virtual host 'localhost'
13-Nov-2023 08:10:34.462 INFO [http-nio-8089-exec-1] org.apache.catalina.core.ApplicationContext.log Manager: list: Listing contexts for virtual host 'localhost'
13-Nov-2023 08:10:54.539 INFO [http-nio-8089-exec-1] org.apache.catalina.core.ApplicationContext.log Manager: list: Listing contexts for virtual host 'localhost'
13-Nov-2023 08:11:03.229 INFO [http-nio-8089-exec-1] org.apache.catalina.core.ApplicationContext.log Manager: list: Listing contexts for virtual host 'localhost'
13-Nov-2023 08:11:06.919 INFO [http-nio-8089-exec-3] org.apache.catalina.core.ApplicationContext.log Manager: list: Listing contexts for virtual host 'localhost'
13-Nov-2023 08:11:14.983 INFO [http-nio-8089-exec-7] org.apache.catalina.core.ApplicationContext.log Manager: list: Listing contexts for virtual host 'localhost'
13-Nov-2023 08:11:21.464 INFO [http-nio-8089-exec-7] org.apache.catalina.core.ApplicationContext.log Manager: list: Listing contexts for virtual host 'localhost'
13-Nov-2023 08:11:25.738 INFO [http-nio-8089-exec-1] org.apache.catalina.core.ApplicationContext.log Manager: list: Listing contexts for virtual host 'localhost'
13-Nov-2023 08:11:31.902 INFO [http-nio-8089-exec-7] org.apache.catalina.core.ApplicationContext.log Manager: list: Listing contexts for virtual host 'localhost'
13-Nov-2023 08:11:49.027 INFO [http-nio-8089-exec-1] org.apache.catalina.core.ApplicationContext.log Manager: list: Listing contexts for virtual host 'localhost'
13-Nov-2023 08:11:56.648 INFO [http-nio-8089-exec-3] org.apache.catalina.core.ApplicationContext.log Manager: list: Listing contexts for virtual host 'localhost'
13-Nov-2023 08:12:02.191 INFO [http-nio-8089-exec-1] org.apache.catalina.core.ApplicationContext.log Manager: list: Listing contexts for virtual host 'localhost'
13-Nov-2023 08:12:05.980 INFO [http-nio-8089-exec-1] org.apache.catalina.core.ApplicationContext.log Manager: list: Listing contexts for virtual host 'localhost'
13-Nov-2023 08:12:11.673 INFO [http-nio-8089-exec-3] org.apache.catalina.core.ApplicationContext.log Manager: list: Listing contexts for virtual host 'localhost'
13-Nov-2023 08:12:25.897 INFO [http-nio-8089-exec-5] org.apache.catalina.core.ApplicationContext.log Manager: list: Listing contexts for virtual host 'localhost'
13-Nov-2023 08:12:32.114 INFO [http-nio-8089-exec-1] org.apache.catalina.core.ApplicationContext.log Manager: list: Listing contexts for virtual host 'localhost'
13-Nov-2023 08:12:37.706 INFO [http-nio-8089-exec-1] org.apache.catalina.core.ApplicationContext.log Manager: list: Listing contexts for virtual host 'localhost'
13-Nov-2023 08:13:09.898 INFO [http-nio-8089-exec-1] org.apache.catalina.core.ApplicationContext.log Manager: list: Listing contexts for virtual host 'localhost'
13-Nov-2023 08:14:42.373 INFO [http-nio-8089-exec-5] org.apache.catalina.core.ApplicationContext.log Manager: list: Listing contexts for virtual host 'localhost'
13-Nov-2023 08:15:16.792 INFO [http-nio-8089-exec-9] org.apache.catalina.core.ApplicationContext.log Manager: list: Listing contexts for virtual host 'localhost'
13-Nov-2023 08:15:29.896 INFO [http-nio-8089-exec-5] org.apache.catalina.core.ApplicationContext.log Manager: list: Listing contexts for virtual host 'localhost'
13-Nov-2023 08:16:01.387 INFO [http-nio-8089-exec-4] org.apache.catalina.core.ApplicationContext.log Manager: list: Listing contexts for virtual host 'localhost'
13-Nov-2023 08:16:11.174 INFO [http-nio-8089-exec-8] org.apache.catalina.core.ApplicationContext.log Manager: list: Listing contexts for virtual host 'localhost'
13-Nov-2023 08:16:25.185 INFO [http-nio-8089-exec-9] org.apache.catalina.core.ApplicationContext.log Manager: list: Listing contexts for virtual host 'localhost'
13-Nov-2023 08:16:46.313 INFO [http-nio-8089-exec-9] org.apache.catalina.core.ApplicationContext.log Manager: list: Listing contexts for virtual host 'localhost'
13-Nov-2023 08:16:57.119 INFO [http-nio-8089-exec-4] org.apache.catalina.core.ApplicationContext.log Manager: list: Listing contexts for virtual host 'localhost'
13-Nov-2023 08:17:29.510 INFO [http-nio-8089-exec-6] org.apache.catalina.core.ApplicationContext.log Manager: list: Listing contexts for virtual host 'localhost'
13-Nov-2023 08:17:46.911 INFO [http-nio-8089-exec-4] org.apache.catalina.core.ApplicationContext.log Manager: list: Listing contexts for virtual host 'localhost'
13-Nov-2023 08:17:58.017 INFO [http-nio-8089-exec-8] org.apache.catalina.core.ApplicationContext.log Manager: list: Listing contexts for virtual host 'localhost'
13-Nov-2023 08:18:36.673 INFO [http-nio-8089-exec-7] org.apache.catalina.core.ApplicationContext.log Manager: list: Listing contexts for virtual host 'localhost'
13-Nov-2023 08:18:48.620 INFO [http-nio-8089-exec-10] org.apache.catalina.core.ApplicationContext.log Manager: list: Listing contexts for virtual host 'localhost'
13-Nov-2023 08:19:06.124 INFO [http-nio-8089-exec-10] org.apache.catalina.core.ApplicationContext.log Manager: list: Listing contexts for virtual host 'localhost'
13-Nov-2023 08:19:18.989 INFO [http-nio-8089-exec-4] org.apache.catalina.core.ApplicationContext.log Manager: list: Listing contexts for virtual host 'localhost'
13-Nov-2023 08:19:36.269 INFO [http-nio-8089-exec-1] org.apache.catalina.core.ApplicationContext.log Manager: list: Listing contexts for virtual host 'localhost'
13-Nov-2023 08:19:56.393 INFO [http-nio-8089-exec-6] org.apache.catalina.core.ApplicationContext.log Manager: list: Listing contexts for virtual host 'localhost'
13-Nov-2023 08:20:13.735 INFO [http-nio-8089-exec-2] org.apache.catalina.core.ApplicationContext.log Manager: list: Listing contexts for virtual host 'localhost'
13-Nov-2023 08:20:22.716 INFO [http-nio-8089-exec-2] org.apache.catalina.core.ApplicationContext.log Manager: list: Listing contexts for virtual host 'localhost'
13-Nov-2023 08:20:30.738 INFO [http-nio-8089-exec-6] org.apache.catalina.core.ApplicationContext.log Manager: list: Listing contexts for virtual host 'localhost'
13-Nov-2023 08:20:51.731 INFO [http-nio-8089-exec-6] org.apache.catalina.core.ApplicationContext.log Manager: list: Listing contexts for virtual host 'localhost'
13-Nov-2023 08:21:11.417 INFO [http-nio-8089-exec-7] org.apache.catalina.core.ApplicationContext.log Manager: list: Listing contexts for virtual host 'localhost'
13-Nov-2023 08:21:22.349 INFO [http-nio-8089-exec-1] org.apache.catalina.core.ApplicationContext.log Manager: list: Listing contexts for virtual host 'localhost'
13-Nov-2023 08:22:55.233 INFO [http-nio-8089-exec-9] org.apache.catalina.core.ApplicationContext.log Manager: list: Listing contexts for virtual host 'localhost'
13-Nov-2023 08:23:17.148 INFO [http-nio-8089-exec-9] org.apache.catalina.core.ApplicationContext.log Manager: list: Listing contexts for virtual host 'localhost'
13-Nov-2023 08:23:33.541 INFO [http-nio-8089-exec-6] org.apache.catalina.core.ApplicationContext.log Manager: list: Listing contexts for virtual host 'localhost'
13-Nov-2023 08:23:33.855 INFO [http-nio-8089-exec-3] org.apache.catalina.core.ApplicationContext.log Manager: list: Listing contexts for virtual host 'localhost'
13-Nov-2023 08:23:38.802 INFO [http-nio-8089-exec-8] org.apache.catalina.core.ApplicationContext.log Manager: list: Listing contexts for virtual host 'localhost'
13-Nov-2023 08:24:16.740 INFO [http-nio-8089-exec-8] org.apache.catalina.core.ApplicationContext.log Manager: list: Listing contexts for virtual host 'localhost'
13-Nov-2023 08:24:31.629 INFO [http-nio-8089-exec-2] org.apache.catalina.core.ApplicationContext.log Manager: list: Listing contexts for virtual host 'localhost'
13-Nov-2023 08:25:33.170 INFO [http-nio-8089-exec-7] org.apache.catalina.core.ApplicationContext.log Manager: list: Listing contexts for virtual host 'localhost'
13-Nov-2023 08:25:43.440 INFO [http-nio-8089-exec-4] org.apache.catalina.core.ApplicationContext.log Manager: list: Listing contexts for virtual host 'localhost'
13-Nov-2023 08:26:42.847 INFO [http-nio-8089-exec-10] org.apache.catalina.core.ApplicationContext.log Manager: list: Listing contexts for virtual host 'localhost'
13-Nov-2023 08:27:15.095 INFO [http-nio-8089-exec-5] org.apache.catalina.core.ApplicationContext.log Manager: list: Listing contexts for virtual host 'localhost'
13-Nov-2023 08:27:31.045 INFO [http-nio-8089-exec-5] org.apache.catalina.core.ApplicationContext.log Manager: list: Listing contexts for virtual host 'localhost'
13-Nov-2023 08:29:09.500 INFO [http-nio-8089-exec-5] org.apache.catalina.core.ApplicationContext.log Manager: list: Listing contexts for virtual host 'localhost'
13-Nov-2023 08:29:26.928 INFO [http-nio-8089-exec-1] org.apache.catalina.core.ApplicationContext.log Manager: list: Listing contexts for virtual host 'localhost'
13-Nov-2023 08:29:35.744 INFO [http-nio-8089-exec-3] org.apache.catalina.core.ApplicationContext.log Manager: list: Listing contexts for virtual host 'localhost'
13-Nov-2023 08:30:13.424 INFO [http-nio-8089-exec-8] org.apache.catalina.core.ApplicationContext.log Manager: list: Listing contexts for virtual host 'localhost'
13-Nov-2023 08:30:36.037 INFO [http-nio-8089-exec-3] org.apache.catalina.core.ApplicationContext.log Manager: list: Listing contexts for virtual host 'localhost'
13-Nov-2023 08:30:49.735 INFO [http-nio-8089-exec-4] org.apache.catalina.core.ApplicationContext.log Manager: list: Listing contexts for virtual host 'localhost'
13-Nov-2023 08:30:55.688 INFO [http-nio-8089-exec-9] org.apache.catalina.core.ApplicationContext.log Manager: list: Listing contexts for virtual host 'localhost'
13-Nov-2023 08:31:21.722 INFO [http-nio-8089-exec-10] org.apache.catalina.core.ApplicationContext.log Manager: list: Listing contexts for virtual host 'localhost'
13-Nov-2023 08:32:58.765 INFO [http-nio-8089-exec-7] org.apache.catalina.core.ApplicationContext.log Manager: list: Listing contexts for virtual host 'localhost'
13-Nov-2023 08:33:10.694 INFO [http-nio-8089-exec-4] org.apache.catalina.core.ApplicationContext.log Manager: list: Listing contexts for virtual host 'localhost'
13-Nov-2023 08:33:35.102 INFO [http-nio-8089-exec-4] org.apache.catalina.core.ApplicationContext.log Manager: list: Listing contexts for virtual host 'localhost'
13-Nov-2023 08:33:51.842 INFO [http-nio-8089-exec-10] org.apache.catalina.core.ApplicationContext.log Manager: list: Listing contexts for virtual host 'localhost'
13-Nov-2023 08:34:30.143 INFO [http-nio-8089-exec-4] org.apache.catalina.core.ApplicationContext.log Manager: list: Listing contexts for virtual host 'localhost'
13-Nov-2023 08:35:31.706 INFO [http-nio-8089-exec-4] org.apache.catalina.core.ApplicationContext.log Manager: list: Listing contexts for virtual host 'localhost'
13-Nov-2023 08:35:53.302 INFO [http-nio-8089-exec-6] org.apache.catalina.core.ApplicationContext.log Manager: list: Listing contexts for virtual host 'localhost'
13-Nov-2023 08:36:03.314 INFO [http-nio-8089-exec-7] org.apache.catalina.core.ApplicationContext.log Manager: list: Listing contexts for virtual host 'localhost'
13-Nov-2023 08:40:01.379 INFO [http-nio-8089-exec-6] org.apache.catalina.core.ApplicationContext.log Manager: list: Listing contexts for virtual host 'localhost'
13-Nov-2023 08:40:01.695 INFO [http-nio-8089-exec-1] org.apache.catalina.core.ApplicationContext.log Manager: list: Listing contexts for virtual host 'localhost'
13-Nov-2023 08:40:18.926 INFO [http-nio-8089-exec-6] org.apache.catalina.core.ApplicationContext.log Manager: list: Listing contexts for virtual host 'localhost'
13-Nov-2023 08:40:24.965 INFO [http-nio-8089-exec-7] org.apache.catalina.core.ApplicationContext.log Manager: list: Listing contexts for virtual host 'localhost'
13-Nov-2023 08:42:32.619 INFO [http-nio-8089-exec-3] org.apache.catalina.core.ApplicationContext.log Manager: list: Listing contexts for virtual host 'localhost'
13-Nov-2023 08:42:56.376 INFO [http-nio-8089-exec-6] org.apache.catalina.core.ApplicationContext.log Manager: list: Listing contexts for virtual host 'localhost'
13-Nov-2023 08:43:15.239 INFO [http-nio-8089-exec-9] org.apache.catalina.core.ApplicationContext.log Manager: list: Listing contexts for virtual host 'localhost'
13-Nov-2023 08:45:18.641 INFO [http-nio-8089-exec-1] org.apache.catalina.core.ApplicationContext.log Manager: list: Listing contexts for virtual host 'localhost'
13-Nov-2023 08:45:33.388 INFO [http-nio-8089-exec-1] org.apache.catalina.core.ApplicationContext.log Manager: list: Listing contexts for virtual host 'localhost'
13-Nov-2023 08:46:04.297 INFO [http-nio-8089-exec-1] org.apache.catalina.core.ApplicationContext.log Manager: list: Listing contexts for virtual host 'localhost'
13-Nov-2023 08:46:21.158 INFO [http-nio-8089-exec-1] org.apache.catalina.core.ApplicationContext.log Manager: list: Listing contexts for virtual host 'localhost'
13-Nov-2023 08:47:03.248 INFO [http-nio-8089-exec-2] org.apache.catalina.core.ApplicationContext.log Manager: list: Listing contexts for virtual host 'localhost'
13-Nov-2023 08:47:51.359 INFO [http-nio-8089-exec-7] org.apache.catalina.core.ApplicationContext.log Manager: list: Listing contexts for virtual host 'localhost'
13-Nov-2023 08:48:22.830 INFO [http-nio-8089-exec-3] org.apache.catalina.core.ApplicationContext.log Manager: list: Listing contexts for virtual host 'localhost'
13-Nov-2023 08:48:35.320 INFO [http-nio-8089-exec-4] org.apache.catalina.core.ApplicationContext.log Manager: list: Listing contexts for virtual host 'localhost'
13-Nov-2023 08:49:03.751 INFO [http-nio-8089-exec-6] org.apache.catalina.core.ApplicationContext.log Manager: list: Listing contexts for virtual host 'localhost'
13-Nov-2023 08:49:15.351 INFO [http-nio-8089-exec-6] org.apache.catalina.core.ApplicationContext.log Manager: list: Listing contexts for virtual host 'localhost'
13-Nov-2023 08:49:21.027 INFO [http-nio-8089-exec-1] org.apache.catalina.core.ApplicationContext.log Manager: list: Listing contexts for virtual host 'localhost'
13-Nov-2023 08:49:34.097 INFO [http-nio-8089-exec-1] org.apache.catalina.core.ApplicationContext.log Manager: list: Listing contexts for virtual host 'localhost'
13-Nov-2023 08:49:47.030 INFO [http-nio-8089-exec-4] org.apache.catalina.core.ApplicationContext.log Manager: list: Listing contexts for virtual host 'localhost'
13-Nov-2023 08:50:01.003 INFO [http-nio-8089-exec-4] org.apache.catalina.core.ApplicationContext.log Manager: list: Listing contexts for virtual host 'localhost'
13-Nov-2023 08:50:21.822 INFO [http-nio-8089-exec-4] org.apache.catalina.core.ApplicationContext.log Manager: list: Listing contexts for virtual host 'localhost'
13-Nov-2023 08:50:32.980 INFO [http-nio-8089-exec-4] org.apache.catalina.core.ApplicationContext.log Manager: list: Listing contexts for virtual host 'localhost'
13-Nov-2023 08:50:42.092 INFO [http-nio-8089-exec-4] org.apache.catalina.core.ApplicationContext.log Manager: list: Listing contexts for virtual host 'localhost'
13-Nov-2023 08:50:51.998 INFO [http-nio-8089-exec-4] org.apache.catalina.core.ApplicationContext.log Manager: list: Listing contexts for virtual host 'localhost'
13-Nov-2023 08:51:04.286 INFO [http-nio-8089-exec-5] org.apache.catalina.core.ApplicationContext.log Manager: list: Listing contexts for virtual host 'localhost'
13-Nov-2023 08:51:17.622 INFO [http-nio-8089-exec-3] org.apache.catalina.core.ApplicationContext.log Manager: list: Listing contexts for virtual host 'localhost'
13-Nov-2023 08:51:28.226 INFO [http-nio-8089-exec-3] org.apache.catalina.core.ApplicationContext.log Manager: list: Listing contexts for virtual host 'localhost'
13-Nov-2023 08:51:37.374 INFO [http-nio-8089-exec-3] org.apache.catalina.core.ApplicationContext.log Manager: list: Listing contexts for virtual host 'localhost'
13-Nov-2023 08:52:02.287 INFO [http-nio-8089-exec-10] org.apache.catalina.core.ApplicationContext.log Manager: list: Listing contexts for virtual host 'localhost'
13-Nov-2023 08:52:11.391 INFO [http-nio-8089-exec-10] org.apache.catalina.core.ApplicationContext.log Manager: list: Listing contexts for virtual host 'localhost'
13-Nov-2023 08:52:16.230 INFO [http-nio-8089-exec-9] org.apache.catalina.core.ApplicationContext.log Manager: list: Listing contexts for virtual host 'localhost'
13-Nov-2023 08:52:25.420 INFO [http-nio-8089-exec-9] org.apache.catalina.core.ApplicationContext.log Manager: list: Listing contexts for virtual host 'localhost'
13-Nov-2023 08:52:30.655 INFO [http-nio-8089-exec-7] org.apache.catalina.core.ApplicationContext.log Manager: list: Listing contexts for virtual host 'localhost'
13-Nov-2023 08:52:35.379 INFO [http-nio-8089-exec-10] org.apache.catalina.core.ApplicationContext.log Manager: list: Listing contexts for virtual host 'localhost'
13-Nov-2023 08:52:43.794 INFO [http-nio-8089-exec-8] org.apache.catalina.core.ApplicationContext.log Manager: list: Listing contexts for virtual host 'localhost'
13-Nov-2023 08:53:10.887 INFO [http-nio-8089-exec-10] org.apache.catalina.core.ApplicationContext.log Manager: list: Listing contexts for virtual host 'localhost'
13-Nov-2023 08:53:24.798 INFO [http-nio-8089-exec-10] org.apache.catalina.core.ApplicationContext.log Manager: list: Listing contexts for virtual host 'localhost'
13-Nov-2023 08:54:37.009 INFO [http-nio-8089-exec-3] org.apache.catalina.core.ApplicationContext.log Manager: list: Listing contexts for virtual host 'localhost'
13-Nov-2023 08:54:49.878 INFO [http-nio-8089-exec-8] org.apache.catalina.core.ApplicationContext.log Manager: list: Listing contexts for virtual host 'localhost'
13-Nov-2023 08:55:08.487 INFO [http-nio-8089-exec-1] org.apache.catalina.core.ApplicationContext.log Manager: list: Listing contexts for virtual host 'localhost'
13-Nov-2023 08:57:00.380 INFO [http-nio-8089-exec-9] org.apache.catalina.core.ApplicationContext.log Manager: list: Listing contexts for virtual host 'localhost'
13-Nov-2023 08:57:18.224 INFO [http-nio-8089-exec-1] org.apache.catalina.core.ApplicationContext.log Manager: list: Listing contexts for virtual host 'localhost'
13-Nov-2023 08:57:25.910 INFO [http-nio-8089-exec-5] org.apache.catalina.core.ApplicationContext.log Manager: list: Listing contexts for virtual host 'localhost'
13-Nov-2023 12:16:37.858 INFO [http-nio-8089-exec-5] org.apache.catalina.core.ApplicationContext.log Manager: init: Associated with Deployer 'Catalina:type=Deployer,host=localhost'
13-Nov-2023 12:16:37.858 INFO [http-nio-8089-exec-5] org.apache.catalina.core.ApplicationContext.log Manager: init: Global resources are available
13-Nov-2023 12:16:37.904 INFO [http-nio-8089-exec-8] org.apache.catalina.core.ApplicationContext.log Manager: list: Listing contexts for virtual host 'localhost'
13-Nov-2023 12:16:37.915 INFO [http-nio-8089-exec-9] org.apache.catalina.core.ApplicationContext.log Manager: undeploy: Undeploying web application at '/chim'
13-Nov-2023 12:16:38.464 INFO [http-nio-8089-exec-3] org.apache.catalina.core.ApplicationContext.log Manager: install: Installing context configuration at 'file:/C:/Users/ET36/AppData/Local/Temp/context7533804071763385688.xml'
13-Nov-2023 12:16:38.874 INFO [http-nio-8089-exec-6] org.apache.catalina.core.ApplicationContext.log Manager: start: Starting web application '/chim'
13-Nov-2023 12:21:15.886 INFO [http-nio-8089-exec-20] org.apache.catalina.core.ApplicationContext.log Manager: list: Listing contexts for virtual host 'localhost'
13-Nov-2023 12:21:54.569 INFO [http-nio-8089-exec-15] org.apache.catalina.core.ApplicationContext.log Manager: list: Listing contexts for virtual host 'localhost'
13-Nov-2023 12:22:16.629 INFO [http-nio-8089-exec-18] org.apache.catalina.core.ApplicationContext.log Manager: list: Listing contexts for virtual host 'localhost'
13-Nov-2023 12:32:56.963 INFO [http-nio-8089-exec-14] org.apache.catalina.core.ApplicationContext.log Manager: list: Listing contexts for virtual host 'localhost'
13-Nov-2023 12:32:56.993 INFO [http-nio-8089-exec-15] org.apache.catalina.core.ApplicationContext.log Manager: list: Listing contexts for virtual host 'localhost'
13-Nov-2023 12:32:57.312 INFO [http-nio-8089-exec-19] org.apache.catalina.core.ApplicationContext.log Manager: list: Listing contexts for virtual host 'localhost'
13-Nov-2023 12:33:58.254 INFO [http-nio-8089-exec-14] org.apache.catalina.core.ApplicationContext.log Manager: list: Listing contexts for virtual host 'localhost'
13-Nov-2023 12:33:58.285 INFO [http-nio-8089-exec-18] org.apache.catalina.core.ApplicationContext.log Manager: list: Listing contexts for virtual host 'localhost'
13-Nov-2023 12:34:24.663 INFO [http-nio-8089-exec-16] org.apache.catalina.core.ApplicationContext.log Manager: list: Listing contexts for virtual host 'localhost'
13-Nov-2023 12:34:29.674 INFO [http-nio-8089-exec-17] org.apache.catalina.core.ApplicationContext.log Manager: list: Listing contexts for virtual host 'localhost'
13-Nov-2023 12:36:05.232 INFO [http-nio-8089-exec-11] org.apache.catalina.core.ApplicationContext.log Manager: list: Listing contexts for virtual host 'localhost'
13-Nov-2023 12:37:28.195 INFO [http-nio-8089-exec-17] org.apache.catalina.core.ApplicationContext.log Manager: list: Listing contexts for virtual host 'localhost'
13-Nov-2023 12:38:01.393 INFO [http-nio-8089-exec-19] org.apache.catalina.core.ApplicationContext.log Manager: list: Listing contexts for virtual host 'localhost'
13-Nov-2023 12:38:07.163 INFO [http-nio-8089-exec-18] org.apache.catalina.core.ApplicationContext.log Manager: list: Listing contexts for virtual host 'localhost'
13-Nov-2023 12:38:33.258 INFO [http-nio-8089-exec-14] org.apache.catalina.core.ApplicationContext.log Manager: list: Listing contexts for virtual host 'localhost'
13-Nov-2023 12:38:48.720 INFO [http-nio-8089-exec-15] org.apache.catalina.core.ApplicationContext.log Manager: list: Listing contexts for virtual host 'localhost'
13-Nov-2023 12:39:08.345 INFO [http-nio-8089-exec-19] org.apache.catalina.core.ApplicationContext.log Manager: list: Listing contexts for virtual host 'localhost'
13-Nov-2023 12:40:09.297 INFO [http-nio-8089-exec-11] org.apache.catalina.core.ApplicationContext.log Manager: list: Listing contexts for virtual host 'localhost'
13-Nov-2023 12:42:55.567 INFO [http-nio-8089-exec-12] org.apache.catalina.core.ApplicationContext.log Manager: list: Listing contexts for virtual host 'localhost'
13-Nov-2023 12:43:06.637 INFO [http-nio-8089-exec-19] org.apache.catalina.core.ApplicationContext.log Manager: list: Listing contexts for virtual host 'localhost'
13-Nov-2023 12:43:22.477 INFO [http-nio-8089-exec-14] org.apache.catalina.core.ApplicationContext.log Manager: list: Listing contexts for virtual host 'localhost'
13-Nov-2023 12:43:22.796 INFO [http-nio-8089-exec-19] org.apache.catalina.core.ApplicationContext.log Manager: list: Listing contexts for virtual host 'localhost'
13-Nov-2023 12:44:49.405 INFO [http-nio-8089-exec-17] org.apache.catalina.core.ApplicationContext.log Manager: list: Listing contexts for virtual host 'localhost'
13-Nov-2023 12:45:08.781 INFO [http-nio-8089-exec-17] org.apache.catalina.core.ApplicationContext.log Manager: list: Listing contexts for virtual host 'localhost'
13-Nov-2023 12:45:27.840 INFO [http-nio-8089-exec-19] org.apache.catalina.core.ApplicationContext.log Manager: list: Listing contexts for virtual host 'localhost'
13-Nov-2023 12:51:16.648 INFO [http-nio-8089-exec-17] org.apache.catalina.core.ApplicationContext.log Manager: list: Listing contexts for virtual host 'localhost'
13-Nov-2023 12:51:16.966 INFO [http-nio-8089-exec-13] org.apache.catalina.core.ApplicationContext.log Manager: list: Listing contexts for virtual host 'localhost'
13-Nov-2023 12:51:19.824 INFO [http-nio-8089-exec-17] org.apache.catalina.core.ApplicationContext.log Manager: list: Listing contexts for virtual host 'localhost'
13-Nov-2023 12:51:32.349 INFO [http-nio-8089-exec-11] org.apache.catalina.core.ApplicationContext.log Manager: list: Listing contexts for virtual host 'localhost'
13-Nov-2023 12:53:19.891 INFO [http-nio-8089-exec-15] org.apache.catalina.core.ApplicationContext.log Manager: list: Listing contexts for virtual host 'localhost'
13-Nov-2023 12:54:15.320 INFO [http-nio-8089-exec-19] org.apache.catalina.core.ApplicationContext.log Manager: list: Listing contexts for virtual host 'localhost'
13-Nov-2023 12:55:07.631 INFO [http-nio-8089-exec-20] org.apache.catalina.core.ApplicationContext.log Manager: list: Listing contexts for virtual host 'localhost'
13-Nov-2023 12:56:21.255 INFO [http-nio-8089-exec-19] org.apache.catalina.core.ApplicationContext.log Manager: list: Listing contexts for virtual host 'localhost'
13-Nov-2023 12:56:38.861 INFO [http-nio-8089-exec-14] org.apache.catalina.core.ApplicationContext.log Manager: list: Listing contexts for virtual host 'localhost'
13-Nov-2023 12:56:51.720 INFO [http-nio-8089-exec-12] org.apache.catalina.core.ApplicationContext.log Manager: list: Listing contexts for virtual host 'localhost'
13-Nov-2023 12:57:09.861 INFO [http-nio-8089-exec-17] org.apache.catalina.core.ApplicationContext.log Manager: list: Listing contexts for virtual host 'localhost'
13-Nov-2023 12:58:12.575 INFO [http-nio-8089-exec-20] org.apache.catalina.core.ApplicationContext.log Manager: list: Listing contexts for virtual host 'localhost'
13-Nov-2023 12:58:12.891 INFO [http-nio-8089-exec-19] org.apache.catalina.core.ApplicationContext.log Manager: list: Listing contexts for virtual host 'localhost'
13-Nov-2023 12:58:26.472 INFO [http-nio-8089-exec-20] org.apache.catalina.core.ApplicationContext.log Manager: list: Listing contexts for virtual host 'localhost'
13-Nov-2023 12:58:27.835 INFO [http-nio-8089-exec-19] org.apache.catalina.core.ApplicationContext.log Manager: list: Listing contexts for virtual host 'localhost'
13-Nov-2023 12:58:29.828 INFO [http-nio-8089-exec-15] org.apache.catalina.core.ApplicationContext.log Manager: list: Listing contexts for virtual host 'localhost'
13-Nov-2023 12:59:33.268 INFO [http-nio-8089-exec-15] org.apache.catalina.core.ApplicationContext.log Manager: list: Listing contexts for virtual host 'localhost'
13-Nov-2023 12:59:53.995 INFO [http-nio-8089-exec-19] org.apache.catalina.core.ApplicationContext.log Manager: list: Listing contexts for virtual host 'localhost'
13-Nov-2023 12:59:54.318 INFO [http-nio-8089-exec-15] org.apache.catalina.core.ApplicationContext.log Manager: list: Listing contexts for virtual host 'localhost'
13-Nov-2023 13:00:08.430 INFO [http-nio-8089-exec-17] org.apache.catalina.core.ApplicationContext.log Manager: list: Listing contexts for virtual host 'localhost'
13-Nov-2023 13:00:42.800 INFO [http-nio-8089-exec-20] org.apache.catalina.core.ApplicationContext.log Manager: list: Listing contexts for virtual host 'localhost'
13-Nov-2023 13:00:45.728 INFO [http-nio-8089-exec-16] org.apache.catalina.core.ApplicationContext.log Manager: list: Listing contexts for virtual host 'localhost'
13-Nov-2023 13:01:21.668 INFO [http-nio-8089-exec-19] org.apache.catalina.core.ApplicationContext.log Manager: list: Listing contexts for virtual host 'localhost'
13-Nov-2023 13:01:28.262 INFO [http-nio-8089-exec-14] org.apache.catalina.core.ApplicationContext.log Manager: list: Listing contexts for virtual host 'localhost'
13-Nov-2023 13:01:39.892 INFO [http-nio-8089-exec-13] org.apache.catalina.core.ApplicationContext.log Manager: list: Listing contexts for virtual host 'localhost'
13-Nov-2023 13:04:56.445 INFO [http-nio-8089-exec-15] org.apache.catalina.core.ApplicationContext.log Manager: list: Listing contexts for virtual host 'localhost'
13-Nov-2023 13:04:56.768 INFO [http-nio-8089-exec-13] org.apache.catalina.core.ApplicationContext.log Manager: list: Listing contexts for virtual host 'localhost'
13-Nov-2023 13:05:11.713 INFO [http-nio-8089-exec-15] org.apache.catalina.core.ApplicationContext.log Manager: list: Listing contexts for virtual host 'localhost'
13-Nov-2023 13:06:03.282 INFO [http-nio-8089-exec-12] org.apache.catalina.core.ApplicationContext.log Manager: list: Listing contexts for virtual host 'localhost'
13-Nov-2023 13:06:19.173 INFO [http-nio-8089-exec-15] org.apache.catalina.core.ApplicationContext.log Manager: list: Listing contexts for virtual host 'localhost'
13-Nov-2023 13:07:12.924 INFO [http-nio-8089-exec-16] org.apache.catalina.core.ApplicationContext.log Manager: list: Listing contexts for virtual host 'localhost'
13-Nov-2023 13:07:33.352 INFO [http-nio-8089-exec-15] org.apache.catalina.core.ApplicationContext.log Manager: list: Listing contexts for virtual host 'localhost'
13-Nov-2023 13:07:44.166 INFO [http-nio-8089-exec-20] org.apache.catalina.core.ApplicationContext.log Manager: list: Listing contexts for virtual host 'localhost'
13-Nov-2023 13:07:58.385 INFO [http-nio-8089-exec-13] org.apache.catalina.core.ApplicationContext.log Manager: list: Listing contexts for virtual host 'localhost'
13-Nov-2023 13:08:02.784 INFO [http-nio-8089-exec-14] org.apache.catalina.core.ApplicationContext.log Manager: list: Listing contexts for virtual host 'localhost'
13-Nov-2023 13:08:12.547 INFO [http-nio-8089-exec-17] org.apache.catalina.core.ApplicationContext.log Manager: list: Listing contexts for virtual host 'localhost'
13-Nov-2023 13:08:12.885 INFO [http-nio-8089-exec-14] org.apache.catalina.core.ApplicationContext.log Manager: list: Listing contexts for virtual host 'localhost'
13-Nov-2023 13:08:23.101 INFO [http-nio-8089-exec-17] org.apache.catalina.core.ApplicationContext.log Manager: list: Listing contexts for virtual host 'localhost'
13-Nov-2023 13:09:38.086 INFO [http-nio-8089-exec-12] org.apache.catalina.core.ApplicationContext.log Manager: list: Listing contexts for virtual host 'localhost'
13-Nov-2023 13:10:04.017 INFO [http-nio-8089-exec-19] org.apache.catalina.core.ApplicationContext.log Manager: list: Listing contexts for virtual host 'localhost'
13-Nov-2023 13:11:59.447 INFO [http-nio-8089-exec-13] org.apache.catalina.core.ApplicationContext.log Manager: list: Listing contexts for virtual host 'localhost'
13-Nov-2023 13:12:49.547 INFO [http-nio-8089-exec-15] org.apache.catalina.core.ApplicationContext.log Manager: list: Listing contexts for virtual host 'localhost'
13-Nov-2023 13:14:24.876 INFO [http-nio-8089-exec-17] org.apache.catalina.core.ApplicationContext.log Manager: list: Listing contexts for virtual host 'localhost'
13-Nov-2023 13:14:30.984 INFO [http-nio-8089-exec-13] org.apache.catalina.core.ApplicationContext.log Manager: list: Listing contexts for virtual host 'localhost'
13-Nov-2023 13:14:42.387 INFO [http-nio-8089-exec-14] org.apache.catalina.core.ApplicationContext.log Manager: list: Listing contexts for virtual host 'localhost'
13-Nov-2023 13:14:42.719 INFO [http-nio-8089-exec-13] org.apache.catalina.core.ApplicationContext.log Manager: list: Listing contexts for virtual host 'localhost'
13-Nov-2023 13:14:46.210 INFO [http-nio-8089-exec-16] org.apache.catalina.core.ApplicationContext.log Manager: list: Listing contexts for virtual host 'localhost'
13-Nov-2023 13:14:49.481 INFO [http-nio-8089-exec-17] org.apache.catalina.core.ApplicationContext.log Manager: list: Listing contexts for virtual host 'localhost'
13-Nov-2023 13:15:16.306 INFO [http-nio-8089-exec-18] org.apache.catalina.core.ApplicationContext.log Manager: list: Listing contexts for virtual host 'localhost'
13-Nov-2023 13:15:32.539 INFO [http-nio-8089-exec-13] org.apache.catalina.core.ApplicationContext.log Manager: list: Listing contexts for virtual host 'localhost'
13-Nov-2023 13:18:07.470 INFO [http-nio-8089-exec-17] org.apache.catalina.core.ApplicationContext.log Manager: list: Listing contexts for virtual host 'localhost'
13-Nov-2023 13:18:48.617 INFO [http-nio-8089-exec-19] org.apache.catalina.core.ApplicationContext.log Manager: list: Listing contexts for virtual host 'localhost'
13-Nov-2023 13:18:48.945 INFO [http-nio-8089-exec-11] org.apache.catalina.core.ApplicationContext.log Manager: list: Listing contexts for virtual host 'localhost'
13-Nov-2023 13:18:52.586 INFO [http-nio-8089-exec-18] org.apache.catalina.core.ApplicationContext.log Manager: list: Listing contexts for virtual host 'localhost'
13-Nov-2023 13:19:21.548 INFO [http-nio-8089-exec-20] org.apache.catalina.core.ApplicationContext.log Manager: list: Listing contexts for virtual host 'localhost'
13-Nov-2023 13:20:17.999 INFO [http-nio-8089-exec-16] org.apache.catalina.core.ApplicationContext.log Manager: list: Listing contexts for virtual host 'localhost'
13-Nov-2023 13:20:29.142 INFO [http-nio-8089-exec-14] org.apache.catalina.core.ApplicationContext.log Manager: list: Listing contexts for virtual host 'localhost'
13-Nov-2023 13:21:51.466 INFO [http-nio-8089-exec-13] org.apache.catalina.core.ApplicationContext.log Manager: list: Listing contexts for virtual host 'localhost'
13-Nov-2023 13:22:00.863 INFO [http-nio-8089-exec-16] org.apache.catalina.core.ApplicationContext.log Manager: list: Listing contexts for virtual host 'localhost'
13-Nov-2023 13:23:03.919 INFO [http-nio-8089-exec-13] org.apache.catalina.core.ApplicationContext.log Manager: list: Listing contexts for virtual host 'localhost'
13-Nov-2023 13:23:15.098 INFO [http-nio-8089-exec-19] org.apache.catalina.core.ApplicationContext.log Manager: list: Listing contexts for virtual host 'localhost'
13-Nov-2023 13:24:02.611 INFO [http-nio-8089-exec-19] org.apache.catalina.core.ApplicationContext.log Manager: list: Listing contexts for virtual host 'localhost'
13-Nov-2023 13:24:36.725 INFO [http-nio-8089-exec-18] org.apache.catalina.core.ApplicationContext.log Manager: list: Listing contexts for virtual host 'localhost'
13-Nov-2023 13:25:04.648 INFO [http-nio-8089-exec-19] org.apache.catalina.core.ApplicationContext.log Manager: list: Listing contexts for virtual host 'localhost'
13-Nov-2023 13:26:03.363 INFO [http-nio-8089-exec-18] org.apache.catalina.core.ApplicationContext.log Manager: list: Listing contexts for virtual host 'localhost'
13-Nov-2023 13:27:38.078 INFO [http-nio-8089-exec-20] org.apache.catalina.core.ApplicationContext.log Manager: list: Listing contexts for virtual host 'localhost'
13-Nov-2023 13:28:01.246 INFO [http-nio-8089-exec-16] org.apache.catalina.core.ApplicationContext.log Manager: list: Listing contexts for virtual host 'localhost'
13-Nov-2023 13:28:01.561 INFO [http-nio-8089-exec-19] org.apache.catalina.core.ApplicationContext.log Manager: list: Listing contexts for virtual host 'localhost'
13-Nov-2023 13:28:11.835 INFO [http-nio-8089-exec-15] org.apache.catalina.core.ApplicationContext.log Manager: list: Listing contexts for virtual host 'localhost'
13-Nov-2023 13:28:12.153 INFO [http-nio-8089-exec-19] org.apache.catalina.core.ApplicationContext.log Manager: list: Listing contexts for virtual host 'localhost'
13-Nov-2023 13:28:18.147 INFO [http-nio-8089-exec-15] org.apache.catalina.core.ApplicationContext.log Manager: list: Listing contexts for virtual host 'localhost'
13-Nov-2023 13:28:34.825 INFO [http-nio-8089-exec-13] org.apache.catalina.core.ApplicationContext.log Manager: list: Listing contexts for virtual host 'localhost'
13-Nov-2023 13:29:19.712 INFO [http-nio-8089-exec-17] org.apache.catalina.core.ApplicationContext.log Manager: list: Listing contexts for virtual host 'localhost'
13-Nov-2023 13:29:29.654 INFO [http-nio-8089-exec-13] org.apache.catalina.core.ApplicationContext.log Manager: list: Listing contexts for virtual host 'localhost'
13-Nov-2023 13:29:39.058 INFO [http-nio-8089-exec-12] org.apache.catalina.core.ApplicationContext.log Manager: list: Listing contexts for virtual host 'localhost'
13-Nov-2023 13:30:15.562 INFO [http-nio-8089-exec-14] org.apache.catalina.core.ApplicationContext.log Manager: list: Listing contexts for virtual host 'localhost'
13-Nov-2023 13:31:19.030 INFO [http-nio-8089-exec-15] org.apache.catalina.core.ApplicationContext.log Manager: list: Listing contexts for virtual host 'localhost'
13-Nov-2023 13:31:20.914 INFO [http-nio-8089-exec-17] org.apache.catalina.core.ApplicationContext.log Manager: list: Listing contexts for virtual host 'localhost'
13-Nov-2023 13:31:34.171 INFO [http-nio-8089-exec-15] org.apache.catalina.core.ApplicationContext.log Manager: list: Listing contexts for virtual host 'localhost'
13-Nov-2023 13:32:40.122 INFO [http-nio-8089-exec-18] org.apache.catalina.core.ApplicationContext.log Manager: list: Listing contexts for virtual host 'localhost'
13-Nov-2023 13:33:13.098 INFO [http-nio-8089-exec-12] org.apache.catalina.core.ApplicationContext.log Manager: list: Listing contexts for virtual host 'localhost'
13-Nov-2023 13:33:20.214 INFO [http-nio-8089-exec-12] org.apache.catalina.core.ApplicationContext.log Manager: list: Listing contexts for virtual host 'localhost'
13-Nov-2023 13:33:39.115 INFO [http-nio-8089-exec-12] org.apache.catalina.core.ApplicationContext.log Manager: list: Listing contexts for virtual host 'localhost'
13-Nov-2023 13:33:47.428 INFO [http-nio-8089-exec-17] org.apache.catalina.core.ApplicationContext.log Manager: list: Listing contexts for virtual host 'localhost'
13-Nov-2023 13:36:41.729 INFO [http-nio-8089-exec-12] org.apache.catalina.core.ApplicationContext.log Manager: list: Listing contexts for virtual host 'localhost'
13-Nov-2023 13:36:42.050 INFO [http-nio-8089-exec-20] org.apache.catalina.core.ApplicationContext.log Manager: list: Listing contexts for virtual host 'localhost'
13-Nov-2023 13:36:45.562 INFO [http-nio-8089-exec-17] org.apache.catalina.core.ApplicationContext.log Manager: list: Listing contexts for virtual host 'localhost'
13-Nov-2023 13:37:11.885 INFO [http-nio-8089-exec-17] org.apache.catalina.core.ApplicationContext.log Manager: list: Listing contexts for virtual host 'localhost'
13-Nov-2023 13:38:45.196 INFO [http-nio-8089-exec-20] org.apache.catalina.core.ApplicationContext.log Manager: list: Listing contexts for virtual host 'localhost'
13-Nov-2023 13:39:05.435 INFO [http-nio-8089-exec-12] org.apache.catalina.core.ApplicationContext.log Manager: list: Listing contexts for virtual host 'localhost'
13-Nov-2023 13:39:31.488 INFO [http-nio-8089-exec-16] org.apache.catalina.core.ApplicationContext.log Manager: list: Listing contexts for virtual host 'localhost'
13-Nov-2023 13:40:52.957 INFO [http-nio-8089-exec-17] org.apache.catalina.core.ApplicationContext.log Manager: list: Listing contexts for virtual host 'localhost'
13-Nov-2023 13:40:53.287 INFO [http-nio-8089-exec-12] org.apache.catalina.core.ApplicationContext.log Manager: list: Listing contexts for virtual host 'localhost'
13-Nov-2023 13:41:48.231 INFO [http-nio-8089-exec-12] org.apache.catalina.core.ApplicationContext.log Manager: list: Listing contexts for virtual host 'localhost'
13-Nov-2023 13:41:58.656 INFO [http-nio-8089-exec-15] org.apache.catalina.core.ApplicationContext.log Manager: list: Listing contexts for virtual host 'localhost'
13-Nov-2023 13:49:28.431 INFO [http-nio-8089-exec-11] org.apache.catalina.core.ApplicationContext.log Manager: list: Listing contexts for virtual host 'localhost'
13-Nov-2023 13:51:18.511 INFO [http-nio-8089-exec-15] org.apache.catalina.core.ApplicationContext.log Manager: list: Listing contexts for virtual host 'localhost'
13-Nov-2023 13:57:15.631 INFO [http-nio-8089-exec-16] org.apache.catalina.core.ApplicationContext.log Manager: list: Listing contexts for virtual host 'localhost'
13-Nov-2023 13:57:15.637 INFO [http-nio-8089-exec-20] org.apache.catalina.core.ApplicationContext.log Manager: restart: Reloading web application '/chim'
13-Nov-2023 13:57:30.655 INFO [http-nio-8089-exec-11] org.apache.catalina.core.ApplicationContext.log Manager: list: Listing contexts for virtual host 'localhost'
13-Nov-2023 13:57:30.660 INFO [http-nio-8089-exec-13] org.apache.catalina.core.ApplicationContext.log Manager: restart: Reloading web application '/chim'
13-Nov-2023 13:59:17.500 INFO [http-nio-8089-exec-24] org.apache.catalina.core.ApplicationContext.log Manager: list: Listing contexts for virtual host 'localhost'
13-Nov-2023 13:59:17.502 INFO [http-nio-8089-exec-29] org.apache.catalina.core.ApplicationContext.log Manager: restart: Reloading web application '/chim'
13-Nov-2023 13:59:23.919 INFO [http-nio-8089-exec-30] org.apache.catalina.core.ApplicationContext.log Manager: list: Listing contexts for virtual host 'localhost'
13-Nov-2023 13:59:23.936 INFO [http-nio-8089-exec-32] org.apache.catalina.core.ApplicationContext.log Manager: restart: Reloading web application '/chim'
13-Nov-2023 14:03:36.507 INFO [http-nio-8089-exec-39] org.apache.catalina.core.ApplicationContext.log Manager: list: Listing contexts for virtual host 'localhost'
13-Nov-2023 14:04:01.750 INFO [http-nio-8089-exec-38] org.apache.catalina.core.ApplicationContext.log Manager: list: Listing contexts for virtual host 'localhost'
13-Nov-2023 14:04:07.436 INFO [http-nio-8089-exec-41] org.apache.catalina.core.ApplicationContext.log Manager: list: Listing contexts for virtual host 'localhost'
13-Nov-2023 14:04:16.990 INFO [http-nio-8089-exec-36] org.apache.catalina.core.ApplicationContext.log Manager: list: Listing contexts for virtual host 'localhost'
